-----BEGIN PRIVATE KEY-----
MIIEvQIBADANBgkqhkiG9w0BAQEFAASCBKcwggSjAgEAAoIBAQDKL0vOdi+dPU/b
ARN0bTvbG8xvVFjIs4hrOgiMC4h2fMnmYkgTtEZg7Iid5lcUTetwpdkEQ1mKhzWc
dzqnKlyW/WVBFHJdC1RTQIITTZEBsOsNyuSJX2qrIk6aa6/EmJTINrpLZbJOqbT+
gdXIFNi3fyopoMYm0NRCdzIzKXGuR6HLeco1JsO87pXaS0UUrMpmbbkZR5X3ctc9
DLuVaDHo7aLrI3FKbglQb7cMdOWAOkD7ccLhL50RCnXl2ipPt/hEke5V0QrweuAY
zJvurWmyBRpgQA6XyCh+maUqaDxE3BogEgxbTATBaJqY8QqhN8B/794HJP8cgVgP
hIhqhD/pAgMBAAECggEBAISqkihwXn/jqlF/HD/qKTt1uyhWBUf0nhAV7WPPcYSm
D2kvljHvubqBmodZjEwTcOjiukrU0p1WaTQ4+/CSmFyu+tDAVOZ+t59FFdUKsZqV
dzb+qgUF6h1PDpq/DH+Iyx+w4X71xRFexBe4JAn8u9N0Crtz9nGj15OhWPw/Novu
4nuC3zyFDP1Rc6y2mGyzajzu95U+wk1OYS9d5KrB5bV7BoXLsYgsMDxY3rpkVVPV
7+LxjYnp556F+CECISPEHx4uvBxZdd5bZWC7Q/TsnvhixB+j+yWJtH9iwv9LjD5n
3jLfQ4l2+lepj5KPOULxiWnnqLOVlVK1riGzmV2G/jECgYEA/dyg5HbDxmpqCPVs
oWHaHK5BZaDvsXpumFmIT69MWqYvhkzyMLc90LpmeKIk5DMM2fw6kTotRkWkz48K
Hp60tLyEGVKhZcTM+GR4tVEh45ls8kgGCai6FC6kTLmswBIdOn+NfEL4rbm8mQ7M
3ILLKwjSR+ZNEy23NyZ2jIYg1Y0CgYEAy+M+G20aCZz884kyW1A3m3urvJIBRywL
drxsSBTQLjP+E9mh7hiOhW/jYDiiPhTS8OsfEbkoTHIOSNccnPuXXvkrU+tn+Mzs
NKEW617r08oiaejNyCHJuFGnSVfQxSdF+xui82x1Dy85hWS9SEgXRjEJGrCbxDA1
Np/57wDDts0CgYBQ02gelXmruMHd7FYT49XP/+MuelkWhsajlw4BYOzMh9Dlz6Xk
wNLbnB14Fxfr2B0lYls7VeyITTA2LXKpYRpj2QmuDlL41fn0s/iCsjw5/OVlFm1l
seTc/CSvkQZheOL5dxcTEzeeCF711HKBWttY7kwVPEwZ6RpGYuanwyS9GQKBgAdZ
8zRT87tjAK/bQ4iNVOPzSpbrAMbLLMKkOpdCwNrZnxCiKTeHhSQEi8M9Z4QrhguP
vrgJ4A0Zk7BGqU5zt9qBy3EkLMSIxv+Cy2vDKWeigykkbr8HkNlngEuhsfJZ3ykV
rwNt5q6cekt3/WcsykIKpJRkx8kEH/cPP5jBg00FAoGAcAurisgF66GNGZi5rRAe
BWYBxanWCabW0yyJvqvDPWlym483P09DBp764kwi/tR1eYXK5rBRAUCx6HrGX9O8
sX27NQ3VhJgSFrpNHOrwSHGw6ano1asTAu6qAWsWANcszt2knqN5SSF4iEACPgig
uX+EkOhHNe8gG7ZMVSfX3ug=
-----END PRIVATE KEY-----
